mai. 11, 2025 9:22:31 AM liquibase.changelog
INFORMAÇÕES: Reading resource: db/changelog/migrations/db.changelog-202505110900.sql
mai. 11, 2025 9:22:31 AM liquibase.changelog
INFORMAÇÕES: Reading from board.databasechangelog
mai. 11, 2025 9:22:31 AM liquibase.lockservice
INFORMAÇÕES: Successfully acquired change log lock
mai. 11, 2025 9:22:32 AM liquibase.command
INFORMAÇÕES: Using deploymentId: 6966151999
mai. 11, 2025 9:22:32 AM liquibase.changelog
INFORMAÇÕES: Reading from board.databasechangelog
Running Changeset: db/changelog/migrations/db.changelog-202505110900.sql::202505110900::tiago
mai. 11, 2025 9:22:32 AM liquibase.changelog
INFORMAÇÕES: Custom SQL executed
mai. 11, 2025 9:22:32 AM liquibase.changelog
INFORMAÇÕES: ChangeSet db/changelog/migrations/db.changelog-202505110900.sql::202505110900::tiago ran successfully in 29ms

UPDATE SUMMARY
Run:                          1
Previously run:               0
Filtered out:                 0
-------------------------------
Total change sets:            1

mai. 11, 2025 9:22:32 AM liquibase.util
INFORMAÇÕES: UPDATE SUMMARY
mai. 11, 2025 9:22:32 AM liquibase.util
INFORMAÇÕES: Run:                          1
mai. 11, 2025 9:22:32 AM liquibase.util
INFORMAÇÕES: Previously run:               0
mai. 11, 2025 9:22:32 AM liquibase.util
INFORMAÇÕES: Filtered out:                 0
mai. 11, 2025 9:22:32 AM liquibase.util
INFORMAÇÕES: -------------------------------
mai. 11, 2025 9:22:32 AM liquibase.util
INFORMAÇÕES: Total change sets:            1
mai. 11, 2025 9:22:32 AM liquibase.util
INFORMAÇÕES: Update summary generated
mai. 11, 2025 9:22:32 AM liquibase.command
INFORMAÇÕES: Update command completed successfully.
Liquibase: Update has been successful. Rows affected: 1
mai. 11, 2025 9:22:32 AM liquibase.lockservice
INFORMAÇÕES: Successfully released change log lock
mai. 11, 2025 9:22:32 AM liquibase.command
INFORMAÇÕES: Command execution complete
